mode: atomic
github.com/elastest/elastest-monitoring-service/go_EMS/eventproc/eventttag.go:11.32,11.45 1 2
github.com/elastest/elastest-monitoring-service/go_EMS/eventproc/eventttag.go:16.32,16.45 1 2
github.com/elastest/elastest-monitoring-service/go_EMS/eventproc/eventttag.go:21.32,21.45 1 2
github.com/elastest/elastest-monitoring-service/go_EMS/eventproc/eventttag.go:26.29,29.37 2 2
github.com/elastest/elastest-monitoring-service/go_EMS/eventproc/eventttag.go:35.5,36.59 2 2
github.com/elastest/elastest-monitoring-service/go_EMS/eventproc/eventttag.go:29.37,30.35 1 6
github.com/elastest/elastest-monitoring-service/go_EMS/eventproc/eventttag.go:30.35,32.10 1 6
github.com/elastest/elastest-monitoring-service/go_EMS/eventproc/eventttag.go:36.59,40.45 3 2
github.com/elastest/elastest-monitoring-service/go_EMS/eventproc/eventttag.go:51.9,53.35 3 2
github.com/elastest/elastest-monitoring-service/go_EMS/eventproc/eventttag.go:40.45,41.59 1 4
github.com/elastest/elastest-monitoring-service/go_EMS/eventproc/eventttag.go:41.59,43.55 2 4
github.com/elastest/elastest-monitoring-service/go_EMS/eventproc/eventttag.go:43.55,46.18 2 2
github.com/elastest/elastest-monitoring-service/go_EMS/eventproc/eventttag.go:46.23,48.18 1 2
github.com/elastest/elastest-monitoring-service/go_EMS/setoperators/set_operators.go:8.51,10.37 2 4
github.com/elastest/elastest-monitoring-service/go_EMS/setoperators/set_operators.go:13.5,13.17 1 4
github.com/elastest/elastest-monitoring-service/go_EMS/setoperators/set_operators.go:10.37,12.6 1 4
github.com/elastest/elastest-monitoring-service/go_EMS/setoperators/set_operators.go:16.53,19.2 2 1
github.com/elastest/elastest-monitoring-service/go_EMS/setoperators/set_operators.go:21.69,23.29 2 1
github.com/elastest/elastest-monitoring-service/go_EMS/setoperators/set_operators.go:28.5,28.20 1 1
github.com/elastest/elastest-monitoring-service/go_EMS/setoperators/set_operators.go:23.29,24.33 1 2
github.com/elastest/elastest-monitoring-service/go_EMS/setoperators/set_operators.go:24.33,26.10 1 1
github.com/elastest/elastest-monitoring-service/go_EMS/setoperators/set_operators.go:31.43,33.2 1 2
github.com/elastest/elastest-monitoring-service/go_EMS/setoperators/set_operators.go:35.63,37.29 2 1
github.com/elastest/elastest-monitoring-service/go_EMS/setoperators/set_operators.go:40.5,41.20 2 1
github.com/elastest/elastest-monitoring-service/go_EMS/setoperators/set_operators.go:37.29,39.6 1 1
github.com/elastest/elastest-monitoring-service/go_EMS/setoperators/set_operators.go:44.73,46.30 2 1
github.com/elastest/elastest-monitoring-service/go_EMS/setoperators/set_operators.go:49.5,49.30 1 1
github.com/elastest/elastest-monitoring-service/go_EMS/setoperators/set_operators.go:52.5,52.20 1 1
github.com/elastest/elastest-monitoring-service/go_EMS/setoperators/set_operators.go:46.30,48.6 1 1
github.com/elastest/elastest-monitoring-service/go_EMS/setoperators/set_operators.go:49.30,51.6 1 1
github.com/elastest/elastest-monitoring-service/go_EMS/setoperators/set_operators.go:55.69,56.30 1 6
github.com/elastest/elastest-monitoring-service/go_EMS/setoperators/set_operators.go:62.5,62.16 1 6
github.com/elastest/elastest-monitoring-service/go_EMS/setoperators/set_operators.go:56.30,58.18 2 10
github.com/elastest/elastest-monitoring-service/go_EMS/setoperators/set_operators.go:58.18,60.10 1 0
github.com/elastest/elastest-monitoring-service/go_EMS/setoperators/set_operators.go:65.68,67.2 1 3
github.com/elastest/elastest-monitoring-service/go_EMS/go_EMS.go:15.13,18.2 2 0
github.com/elastest/elastest-monitoring-service/go_EMS/go_EMS.go:21.68,23.19 2 0
github.com/elastest/elastest-monitoring-service/go_EMS/go_EMS.go:26.5,28.6 2 0
github.com/elastest/elastest-monitoring-service/go_EMS/go_EMS.go:32.2,32.19 1 0
github.com/elastest/elastest-monitoring-service/go_EMS/go_EMS.go:23.19,24.19 1 0
github.com/elastest/elastest-monitoring-service/go_EMS/go_EMS.go:28.6,31.3 2 0
github.com/elastest/elastest-monitoring-service/go_EMS/go_EMS.go:35.32,39.19 3 1
github.com/elastest/elastest-monitoring-service/go_EMS/go_EMS.go:42.5,47.19 4 1
github.com/elastest/elastest-monitoring-service/go_EMS/go_EMS.go:50.5,55.21 5 1
github.com/elastest/elastest-monitoring-service/go_EMS/go_EMS.go:39.19,40.19 1 0
github.com/elastest/elastest-monitoring-service/go_EMS/go_EMS.go:47.19,48.19 1 0
github.com/elastest/elastest-monitoring-service/go_EMS/go_EMS.go:55.21,60.65 4 16
github.com/elastest/elastest-monitoring-service/go_EMS/go_EMS.go:84.9,85.14 2 16
github.com/elastest/elastest-monitoring-service/go_EMS/go_EMS.go:60.65,62.4 1 0
github.com/elastest/elastest-monitoring-service/go_EMS/go_EMS.go:62.9,68.67 5 16
github.com/elastest/elastest-monitoring-service/go_EMS/go_EMS.go:71.13,71.64 1 16
github.com/elastest/elastest-monitoring-service/go_EMS/go_EMS.go:68.67,69.27 1 0
github.com/elastest/elastest-monitoring-service/go_EMS/go_EMS.go:71.64,74.31 3 0
github.com/elastest/elastest-monitoring-service/go_EMS/go_EMS.go:77.17,77.68 1 0
github.com/elastest/elastest-monitoring-service/go_EMS/go_EMS.go:81.17,81.52 1 0
github.com/elastest/elastest-monitoring-service/go_EMS/go_EMS.go:74.31,75.31 1 0
github.com/elastest/elastest-monitoring-service/go_EMS/go_EMS.go:77.68,79.31 2 0
github.com/elastest/elastest-monitoring-service/go_EMS/go_EMS.go:89.34,92.22 3 1
github.com/elastest/elastest-monitoring-service/go_EMS/go_EMS.go:92.22,96.63 3 2
github.com/elastest/elastest-monitoring-service/go_EMS/go_EMS.go:96.63,97.43 1 0
github.com/elastest/elastest-monitoring-service/go_EMS/go_EMS.go:98.10,100.4 0 2
github.com/elastest/elastest-monitoring-service/go_EMS/jsonrw/unmarshal.go:9.59,11.67 2 2
github.com/elastest/elastest-monitoring-service/go_EMS/jsonrw/unmarshal.go:23.5,24.54 2 2
github.com/elastest/elastest-monitoring-service/go_EMS/jsonrw/unmarshal.go:28.5,28.51 1 2
github.com/elastest/elastest-monitoring-service/go_EMS/jsonrw/unmarshal.go:11.67,13.34 2 1
github.com/elastest/elastest-monitoring-service/go_EMS/jsonrw/unmarshal.go:16.9,17.31 2 1
github.com/elastest/elastest-monitoring-service/go_EMS/jsonrw/unmarshal.go:13.34,15.10 1 1
github.com/elastest/elastest-monitoring-service/go_EMS/jsonrw/unmarshal.go:18.11,20.6 1 1
github.com/elastest/elastest-monitoring-service/go_EMS/jsonrw/unmarshal.go:24.54,26.6 1 0
